[master 7b0e449] 自动提交: 1 个文件变更 (2026-03-29 18:48:53)
 1 file changed, 652 insertions(+)
 create mode 100644 "research/\346\226\260\350\203\275\346\272\220\346\261\275\350\275\246\351\237\263\351\242\221\345\256\236\350\275\246\346\240\207\345\256\232\346\212\200\346\234\257\347\240\224\347\251\266\346\212\245\345\221\212.md"
To https://github.com/chenbokaix250/researchStudio.git
   df0361e..7b0e449  HEAD -> master
[master af8ea91] 自动提交: 1 个文件变更 (2026-03-29 18:49:12)
 1 file changed, 6 insertions(+)
To https://github.com/chenbokaix250/researchStudio.git
   7b0e449..af8ea91  HEAD -> master
[master 4457f61] 自动提交: 1 个文件变更 (2026-03-29 18:59:53)
 1 file changed, 207 insertions(+)
 create mode 100644 "research/AI\351\251\261\345\212\250\347\232\204\351\253\230\346\225\210\345\255\246\344\271\240\346\226\271\346\263\225\350\256\272\347\240\224\347\251\266\346\212\245\345\221\212.md"
To https://github.com/chenbokaix250/researchStudio.git
   af8ea91..4457f61  HEAD -> master
[master 85f6254] 自动提交: 1 个文件变更 (2026-03-29 19:00:03)
 1 file changed, 6 insertions(+)
To https://github.com/chenbokaix250/researchStudio.git
   4457f61..85f6254  HEAD -> master
[master 83cfdfd] 自动提交: 1 个文件变更 (2026-03-30 02:52:57)
 1 file changed, 271 insertions(+)
 create mode 100644 "research/AI Agent Harness Engineering\347\240\224\347\251\266\346\212\245\345\221\212.md"
To https://github.com/chenbokaix250/researchStudio.git
   85f6254..83cfdfd  HEAD -> master
[master abb699b] 自动提交: 1 个文件变更 (2026-03-30 02:53:02)
 1 file changed, 6 insertions(+)
To https://github.com/chenbokaix250/researchStudio.git
   83cfdfd..abb699b  HEAD -> master
[master abc94c5] 自动提交: 1 个文件变更 (2026-03-30 02:53:07)
 1 file changed, 1 insertion(+), 1 deletion(-)
To https://github.com/chenbokaix250/researchStudio.git
   abb699b..abc94c5  HEAD -> master
