2026-03-29 18:41:29 - 已提交: R  .git-auto-commit.sh -> .auto-git/.git-auto-commit.sh
R  .git-watch-service.sh -> .auto-git/.git-watch-service.sh
A  .auto-git/git-auto-commit.sh
A  .auto-git/git-watch-service.sh
D  .fswatch-error.log
D  .fswatch-output.log
M  .git-auto-commit.log
A  INDEX.md
M  README.md
R  "Android-OTA-\347\240\224\347\251\266.md" -> "research/Android-OTA-\347\240\224\347\251\266.md"
R  "Android-\351\207\215\345\244\247\347\211\271\346\200\247\346\233\264\346\226\260\347\240\224\347\251\266\346\212\245\345\221\212.md" -> "research/Android-\351\207\215\345\244\247\347\211\271\346\200\247\346\233\264\346\226\260\347\240\224\347\251\266\346\212\245\345\221\212.md"
2026-03-29 18:41:32 - 已推送到远程
2026-03-29 18:41:40 - 自动提交服务启动
2026-03-29 18:48:53 - 检测到变更，触发提交...
2026-03-29 18:48:53 - 已提交: A  "research/\346\226\260\350\203\275\346\272\220\346\261\275\350\275\246\351\237\263\351\242\221\345\256\236\350\275\246\346\240\207\345\256\232\346\212\200\346\234\257\347\240\224\347\251\266\346\212\245\345\221\212.md"
2026-03-29 18:48:55 - 已推送到远程
2026-03-29 18:49:12 - 检测到变更，触发提交...
2026-03-29 18:49:12 - 已提交: M  INDEX.md
2026-03-29 18:49:14 - 已推送到远程
2026-03-29 18:59:52 - 检测到变更，触发提交...
2026-03-29 18:59:53 - 已提交: A  "research/AI\351\251\261\345\212\250\347\232\204\351\253\230\346\225\210\345\255\246\344\271\240\346\226\271\346\263\225\350\256\272\347\240\224\347\251\266\346\212\245\345\221\212.md"
2026-03-29 18:59:55 - 已推送到远程
2026-03-29 19:00:02 - 检测到变更，触发提交...
2026-03-29 19:00:03 - 已提交: M  INDEX.md
2026-03-29 19:00:04 - 已推送到远程
2026-03-30 02:52:57 - 检测到变更，触发提交...
2026-03-30 02:52:57 - 已提交: A  "research/AI Agent Harness Engineering\347\240\224\347\251\266\346\212\245\345\221\212.md"
2026-03-30 02:52:58 - 已推送到远程
2026-03-30 02:53:02 - 检测到变更，触发提交...
2026-03-30 02:53:02 - 已提交: M  INDEX.md
2026-03-30 02:53:03 - 已推送到远程
2026-03-30 02:53:07 - 检测到变更，触发提交...
2026-03-30 02:53:07 - 已提交: M  INDEX.md
2026-03-30 02:53:08 - 已推送到远程
